<?xml version="1.0" encoding="UTF-8"?>
<!-- Generated by org.testng.reporters.JUnitReportReporter -->
<testsuite skipped="0" hostname="KT-Gopal" name="TestCases.Product_Page_Test_For_Reverse_PO_Product" tests="7" failures="0" timestamp="13 Feb 2018 09:49:06 GMT" time="302.652" errors="0">
  <testcase name="test" time="37.592" classname="TestCases.Product_Page_Test_For_Reverse_PO_Product"/>
  <testcase name="test" time="38.998" classname="TestCases.Product_Page_Test_For_Reverse_PO_Product"/>
  <testcase name="test" time="40.826" classname="TestCases.Product_Page_Test_For_Reverse_PO_Product"/>
  <testcase name="test" time="67.383" classname="TestCases.Product_Page_Test_For_Reverse_PO_Product"/>
  <testcase name="test" time="39.674" classname="TestCases.Product_Page_Test_For_Reverse_PO_Product"/>
  <testcase name="test" time="38.490" classname="TestCases.Product_Page_Test_For_Reverse_PO_Product"/>
  <testcase name="test" time="39.689" classname="TestCases.Product_Page_Test_For_Reverse_PO_Product"/>
</testsuite> <!-- TestCases.Product_Page_Test_For_Reverse_PO_Product -->
