<?xml version="1.0" encoding="UTF-8"?>
<!-- Generated by org.testng.reporters.JUnitReportReporter -->
<testsuite skipped="1" hostname="KT-Gopal" name="TestCases.Manage_Purchase_Orders_Test" tests="2" failures="0" timestamp="13 Feb 2018 09:43:37 GMT" time="40.675" errors="0">
  <testcase name="To_Verify_PO_Closed_Status_AND_LOGs" time="40.675" classname="TestCases.Manage_Purchase_Orders_Test"/>
  <testcase name="To_Verify_PO_Partial_Status_AND_LOGs" classname="TestCases.Manage_Purchase_Orders_Test">
    <skipped/>
  </testcase> <!-- To_Verify_PO_Partial_Status_AND_LOGs -->
</testsuite> <!-- TestCases.Manage_Purchase_Orders_Test -->
