<?xml version="1.0" encoding="UTF-8"?>
<!-- Generated by org.testng.reporters.JUnitReportReporter -->
<testsuite skipped="2" hostname="KT-Gopal" name="TestCases.Reverse_PO_Page_Test" tests="3" failures="0" timestamp="13 Feb 2018 09:42:27 GMT" time="147.297" errors="0">
  <testcase name="To_Verify_Create_RPO_With_Closed_Status" time="147.297" classname="TestCases.Reverse_PO_Page_Test"/>
  <testcase name="To_Verify_Change_Vendor_AND_PARTDOEST_EXIT" classname="TestCases.Reverse_PO_Page_Test">
    <skipped/>
  </testcase> <!-- To_Verify_Change_Vendor_AND_PARTDOEST_EXIT -->
  <testcase name="To_Verify_Create_RPO_with_Partial_Status" classname="TestCases.Reverse_PO_Page_Test">
    <skipped/>
  </testcase> <!-- To_Verify_Create_RPO_with_Partial_Status -->
</testsuite> <!-- TestCases.Reverse_PO_Page_Test -->
